Unity Editor version:    2020.3.27f1 (e759542391ea)
Branch:                  2020.3/release
Build type:              Release
Batch mode:              YES
macOS version:           Version 11.2.1 (Build 20D74)
Darwin version:          20.3.0
Architecture:            x86_64
Running under Rosetta:   NO
Available memory:        16384 MB
Using pre-set license
Pro License: NO

COMMAND LINE ARGUMENTS:
/Applications/2020.3.27f1/Unity.app/Contents/MacOS/Unity
-adb2
-batchMode
-noUpm
-name
AssetImportWorker0
-projectPath
/Users/game12/J's project
-logFile
Logs/AssetImportWorker0.log
-srvPort
55354
Successfully changed project path to: /Users/game12/J's project
Could not lock editor preferences. Preferences updates for this instance of Unity will not be saved./Users/game12/J's project
Using Asset Import Pipeline V2.
Refreshing native plugins compatible for Editor in 40.46 ms, found 3 plugins.
Preloading 0 native plugins for Editor in 0.00 ms.
Initialize engine version: 2020.3.27f1 (e759542391ea)
[Subsystems] Discovering subsystems at path /Applications/2020.3.27f1/Unity.app/Contents/Resources/UnitySubsystems
[Subsystems] Discovering subsystems at path /Users/game12/J's project/Assets
GfxDevice: creating device client; threaded=0
2024-11-21 09:03:21.806 Unity[24255:1785279] iMac preferred device: AMD Radeon Pro 5500 XT (high power)
2024-11-21 09:03:21.806 Unity[24255:1785279] Metal devices available: 1
2024-11-21 09:03:21.806 Unity[24255:1785279] 0: AMD Radeon Pro 5500 XT (high power)
2024-11-21 09:03:21.807 Unity[24255:1785279] Using device AMD Radeon Pro 5500 XT (high power)
Initializing Metal device caps: AMD Radeon Pro 5500 XT
Initialize mono
Mono path[0] = '/Applications/2020.3.27f1/Unity.app/Contents/Managed'
Mono path[1] = '/Applications/2020.3.27f1/Unity.app/Contents/MonoBleedingEdge/lib/mono/unityjit'
Mono config path = '/Applications/2020.3.27f1/Unity.app/Contents/MonoBleedingEdge/etc'
Using monoOptions --debugger-agent=transport=dt_socket,embedding=1,server=y,suspend=n,address=127.0.0.1:56255
Begin MonoManager ReloadAssembly
Registering precompiled unity dll's ...
Register platform support module: /Applications/2020.3.27f1/Unity.app/Contents/PlaybackEngines/MacStandaloneSupport/UnityEditor.OSXStandalone.Extensions.dll
Registered in 0.000439 seconds.
Native extension for OSXStandalone target not found
Refreshing native plugins compatible for Editor in 40.04 ms, found 3 plugins.
Preloading 0 native plugins for Editor in 0.00 ms.
Mono: successfully reloaded assembly
- Completed reload, in  0.531 seconds
Domain Reload Profiling:
	ReloadAssembly (531ms)
		BeginReloadAssembly (37ms)
			ExecutionOrderSort (0ms)
			DisableScriptedObjects (0ms)
			BackupInstance (0ms)
			ReleaseScriptingObjects (0ms)
			CreateAndSetChildDomain (1ms)
		EndReloadAssembly (430ms)
			LoadAssemblies (36ms)
			RebuildTransferFunctionScriptingTraits (0ms)
			SetupTypeCache (157ms)
			ReleaseScriptCaches (0ms)
			RebuildScriptCaches (33ms)
			SetupLoadedEditorAssemblies (167ms)
				LogAssemblyErrors (0ms)
				InitializePlatformSupportModulesInManaged (4ms)
				SetLoadedEditorAssemblies (0ms)
				RefreshPlugins (40ms)
				BeforeProcessingInitializeOnLoad (7ms)
				ProcessInitializeOnLoadAttributes (90ms)
				ProcessInitializeOnLoadMethodAttributes (27ms)
				AfterProcessingInitializeOnLoad (0ms)
				EditorAssembliesLoaded (0ms)
			ExecutionOrderSort2 (0ms)
			AwakeInstancesAfterBackupRestoration (0ms)
Platform modules already initialized, skipping
Registering precompiled user dll's ...
Registered in 0.003868 seconds.
Begin MonoManager ReloadAssembly
Native extension for OSXStandalone target not found
Refreshing native plugins compatible for Editor in 40.64 ms, found 3 plugins.
Preloading 0 native plugins for Editor in 0.00 ms.
Mono: successfully reloaded assembly
- Completed reload, in  1.070 seconds
Domain Reload Profiling:
	ReloadAssembly (1071ms)
		BeginReloadAssembly (133ms)
			ExecutionOrderSort (0ms)
			DisableScriptedObjects (4ms)
			BackupInstance (0ms)
			ReleaseScriptingObjects (0ms)
			CreateAndSetChildDomain (27ms)
		EndReloadAssembly (882ms)
			LoadAssemblies (67ms)
			RebuildTransferFunctionScriptingTraits (0ms)
			SetupTypeCache (320ms)
			ReleaseScriptCaches (0ms)
			RebuildScriptCaches (52ms)
			SetupLoadedEditorAssemblies (333ms)
				LogAssemblyErrors (0ms)
				InitializePlatformSupportModulesInManaged (3ms)
				SetLoadedEditorAssemblies (0ms)
				RefreshPlugins (41ms)
				BeforeProcessingInitializeOnLoad (51ms)
				ProcessInitializeOnLoadAttributes (224ms)
				ProcessInitializeOnLoadMethodAttributes (14ms)
				AfterProcessingInitializeOnLoad (1ms)
				EditorAssembliesLoaded (0ms)
			ExecutionOrderSort2 (0ms)
			AwakeInstancesAfterBackupRestoration (5ms)
Platform modules already initialized, skipping
Validating Project structure ... 0.002692 seconds.
Shader import version has changed; will reimport all shaders...
Upgrading shader files ...0.003030 seconds.
Application.AssetDatabase Initial Script Refresh Start
RefreshInfo: InitialScriptRefreshV2(NoUpdateAssetOptions) scanfilter:  ... 1 filters
RefreshProfiler: Total: 0.000ms
Application.AssetDatabase Initial Script Refresh End
Application.AssetDatabase.Refresh Start
Application.AssetDatabase.Refresh End
RefreshInfo: StopAssetImportingV2(ForceSynchronousImport) scanfilter: 
RefreshProfiler: Total: 0.000ms
Launching external process: /Applications/2020.3.27f1/Unity.app/Contents/Tools/UnityShaderCompiler
Launched and connected shader compiler UnityShaderCompiler after 0.01 seconds
Initializing Unity extensions:
========================================================================
Worker process is ready to serve import requests
Refreshing native plugins compatible for Editor in 0.38 ms, found 3 plugins.
Preloading 0 native plugins for Editor in 0.00 ms.
Unloading 2537 Unused Serialized files (Serialized files now loaded: 0)
System memory in use before: 229.7 MB.
System memory in use after: 228.9 MB.

Unloading 116 unused Assets to reduce memory usage. Loaded Objects now: 3010.
Total: 2.981177 ms (FindLiveObjects: 0.179973 ms CreateObjectMapping: 0.096681 ms MarkObjects: 2.302868 ms  DeleteObjects: 0.401057 ms)

AssetImportParameters requested are different than current active one (requested -> active):
  custom:video-decoder-ogg-theora: a1e56fd34408186e4bbccfd4996cb3dc -> 
  custom:container-muxer-webm: aa71ff27fc2769a1b78a27578f13a17b -> 
  custom:container-demuxer-webm: 4f35f7cbe854078d1ac9338744f61a02 -> 
  custom:container-demuxer-ogg: 62fdf1f143b41e24485cea50d1cbac27 -> 
  custom:video-encoder-webm-vp8: eb34c28f22e8b96e1ab97ce403110664 -> 
  custom:framework-osx-AVFoundation: e770b220cccbd017edd2c1fefb359320 -> 
  custom:video-decoder-webm-vp8: 9c59270c3fd7afecdb556c50c9e8de78 -> 
  custom:audio-decoder-ogg-vorbis: bf7c407c2cedff20999df2af8eb42d56 -> 
  custom:audio-encoder-webm-vorbis: bf7c407c2cedff20999df2af8eb42d56 -> 
========================================================================
Received Import Request.
  path: Assets/UnityTechnologies/StarterAsset/Art/Ducko/Environmnent/FloorBlueGrassToVertical.png
  artifactKey: Guid(fbb8370f7efa7664d8c4c01884ab2c12) Importer(815301076,1909f56bfc062723c751e8b465ee728b)
Start importing Assets/UnityTechnologies/StarterAsset/Art/Ducko/Environmnent/FloorBlueGrassToVertical.png using Guid(fbb8370f7efa7664d8c4c01884ab2c12) Importer(815301076,1909f56bfc062723c751e8b465ee728b)  -> (artifact id: '01a90bb75622f6e4217ebea4d5816092') in 0.780790 seconds 
  Import took 0.786703 seconds .

========================================================================
Received Import Request.
  Time since last request: 13.170579 seconds.
  path: Assets/UnityTechnologies/StarterAsset/Art/Ducko/Environmnent/FloorBlueGrassToVertical.png
  artifactKey: Guid(fbb8370f7efa7664d8c4c01884ab2c12) Importer(815301076,1909f56bfc062723c751e8b465ee728b)
Start importing Assets/UnityTechnologies/StarterAsset/Art/Ducko/Environmnent/FloorBlueGrassToVertical.png using Guid(fbb8370f7efa7664d8c4c01884ab2c12) Importer(815301076,1909f56bfc062723c751e8b465ee728b)  -> (artifact id: '3dad77344168ad5483bc5a0510b258ed') in 0.072096 seconds 
  Import took 0.075324 seconds .

========================================================================
Received Import Request.
  Time since last request: 28.485154 seconds.
  path: Assets/UnityTechnologies/StarterAsset/Art/Ducko/Environmnent/FloorBlueGrassToVerticalFalloff.png
  artifactKey: Guid(800b1f8aa84b8f54bb032207e0254e2a) Importer(815301076,1909f56bfc062723c751e8b465ee728b)
Start importing Assets/UnityTechnologies/StarterAsset/Art/Ducko/Environmnent/FloorBlueGrassToVerticalFalloff.png using Guid(800b1f8aa84b8f54bb032207e0254e2a) Importer(815301076,1909f56bfc062723c751e8b465ee728b)  -> (artifact id: '203bdfa506db6eae15331b989d0bb14a') in 0.006157 seconds 
  Import took 0.009350 seconds .

========================================================================
Received Import Request.
  Time since last request: 15.845273 seconds.
  path: Assets/UnityTechnologies/StarterAsset/Art/Ducko/Environmnent/FloorBlueGrassToVerticalFalloff.png
  artifactKey: Guid(800b1f8aa84b8f54bb032207e0254e2a) Importer(815301076,1909f56bfc062723c751e8b465ee728b)
Start importing Assets/UnityTechnologies/StarterAsset/Art/Ducko/Environmnent/FloorBlueGrassToVerticalFalloff.png using Guid(800b1f8aa84b8f54bb032207e0254e2a) Importer(815301076,1909f56bfc062723c751e8b465ee728b)  -> (artifact id: '1e2f9ea33e67db4515058c37b229e2f8') in 0.028867 seconds 
  Import took 0.032525 seconds .

========================================================================
Received Import Request.
  Time since last request: 23.657244 seconds.
  path: Assets/UnityTechnologies/StarterAsset/Art/Ducko/Environmnent/FloorBlueGrassToVerticalFlipped.png
  artifactKey: Guid(3cab4bbf36a2cf04aa37625f49ab1b70) Importer(815301076,1909f56bfc062723c751e8b465ee728b)
Start importing Assets/UnityTechnologies/StarterAsset/Art/Ducko/Environmnent/FloorBlueGrassToVerticalFlipped.png using Guid(3cab4bbf36a2cf04aa37625f49ab1b70) Importer(815301076,1909f56bfc062723c751e8b465ee728b)  -> (artifact id: '8181b0a052c106c4fe9f005f979fddec') in 0.016592 seconds 
  Import took 0.019775 seconds .

========================================================================
Received Import Request.
  Time since last request: 6.506949 seconds.
  path: Assets/UnityTechnologies/StarterAsset/Art/Ducko/Environmnent/FloorBlueGrassToVerticalFlipped.png
  artifactKey: Guid(3cab4bbf36a2cf04aa37625f49ab1b70) Importer(815301076,1909f56bfc062723c751e8b465ee728b)
Start importing Assets/UnityTechnologies/StarterAsset/Art/Ducko/Environmnent/FloorBlueGrassToVerticalFlipped.png using Guid(3cab4bbf36a2cf04aa37625f49ab1b70) Importer(815301076,1909f56bfc062723c751e8b465ee728b)  -> (artifact id: 'ba05f01095aa94d4264c90bc420a9551') in 0.024527 seconds 
  Import took 0.027731 seconds .

========================================================================
Received Import Request.
  Time since last request: 25.776388 seconds.
  path: Assets/UnityTechnologies/StarterAsset/Art/Ducko/Environmnent/FloorBricksToGrassSquare.png
  artifactKey: Guid(ac797677eb52ba746873f115c919c504) Importer(815301076,1909f56bfc062723c751e8b465ee728b)
Start importing Assets/UnityTechnologies/StarterAsset/Art/Ducko/Environmnent/FloorBricksToGrassSquare.png using Guid(ac797677eb52ba746873f115c919c504) Importer(815301076,1909f56bfc062723c751e8b465ee728b)  -> (artifact id: 'e458879cfdc96bb06c70bca3a0bec5d4') in 0.007260 seconds 
  Import took 0.010830 seconds .

========================================================================
Received Import Request.
  Time since last request: 6.598461 seconds.
  path: Assets/UnityTechnologies/StarterAsset/Art/Ducko/Environmnent/FloorBricksToGrassSquare.png
  artifactKey: Guid(ac797677eb52ba746873f115c919c504) Importer(815301076,1909f56bfc062723c751e8b465ee728b)
Start importing Assets/UnityTechnologies/StarterAsset/Art/Ducko/Environmnent/FloorBricksToGrassSquare.png using Guid(ac797677eb52ba746873f115c919c504) Importer(815301076,1909f56bfc062723c751e8b465ee728b)  -> (artifact id: 'c0aac7326fa73411a1a8d02721638ff3') in 0.023207 seconds 
  Import took 0.026438 seconds .

========================================================================
Received Import Request.
  Time since last request: 38.849683 seconds.
  path: Assets/UnityTechnologies/StarterAsset/Art/Ducko/Environmnent/FloorGrassToBricksCorner.png
  artifactKey: Guid(4fb4eb60cbde78c44a0c63c8b475cd9f) Importer(815301076,1909f56bfc062723c751e8b465ee728b)
Start importing Assets/UnityTechnologies/StarterAsset/Art/Ducko/Environmnent/FloorGrassToBricksCorner.png using Guid(4fb4eb60cbde78c44a0c63c8b475cd9f) Importer(815301076,1909f56bfc062723c751e8b465ee728b)  -> (artifact id: '6f80a475166c8b967912a3b15815c2a3') in 0.006007 seconds 
  Import took 0.009201 seconds .

========================================================================
Received Import Request.
  Time since last request: 5.895724 seconds.
  path: Assets/UnityTechnologies/StarterAsset/Art/Ducko/Environmnent/FloorGrassToBricksCorner.png
  artifactKey: Guid(4fb4eb60cbde78c44a0c63c8b475cd9f) Importer(815301076,1909f56bfc062723c751e8b465ee728b)
Start importing Assets/UnityTechnologies/StarterAsset/Art/Ducko/Environmnent/FloorGrassToBricksCorner.png using Guid(4fb4eb60cbde78c44a0c63c8b475cd9f) Importer(815301076,1909f56bfc062723c751e8b465ee728b)  -> (artifact id: '1eaa4610bd12beb41d7761991916a07c') in 0.025051 seconds 
  Import took 0.028296 seconds .

========================================================================
Received Import Request.
  Time since last request: 21.753226 seconds.
  path: Assets/UnityTechnologies/StarterAsset/Art/Ducko/Environmnent/FloorGrassToBricksSquare.png
  artifactKey: Guid(706727f9d7b908541ae34b2303650f46) Importer(815301076,1909f56bfc062723c751e8b465ee728b)
Start importing Assets/UnityTechnologies/StarterAsset/Art/Ducko/Environmnent/FloorGrassToBricksSquare.png using Guid(706727f9d7b908541ae34b2303650f46) Importer(815301076,1909f56bfc062723c751e8b465ee728b)  -> (artifact id: '97dcca0912b692d8a3652c6550edf356') in 0.011868 seconds 
  Import took 0.015170 seconds .

========================================================================
Received Import Request.
  Time since last request: 3.810303 seconds.
  path: Assets/UnityTechnologies/StarterAsset/Art/Ducko/Environmnent/FloorGrassToBricksSquare.png
  artifactKey: Guid(706727f9d7b908541ae34b2303650f46) Importer(815301076,1909f56bfc062723c751e8b465ee728b)
Start importing Assets/UnityTechnologies/StarterAsset/Art/Ducko/Environmnent/FloorGrassToBricksSquare.png using Guid(706727f9d7b908541ae34b2303650f46) Importer(815301076,1909f56bfc062723c751e8b465ee728b)  -> (artifact id: '5d947335f3af2ea694c780c2d2ac5b7f') in 0.026371 seconds 
  Import took 0.029953 seconds .

========================================================================
Received Import Request.
  Time since last request: 51.145448 seconds.
  path: Assets/UnityTechnologies/StarterAsset/Art/Ducko/Environmnent/FloorWaterRoundCorners.png
  artifactKey: Guid(8dfedb129e3108147867a7acca7b13a7) Importer(815301076,1909f56bfc062723c751e8b465ee728b)
Start importing Assets/UnityTechnologies/StarterAsset/Art/Ducko/Environmnent/FloorWaterRoundCorners.png using Guid(8dfedb129e3108147867a7acca7b13a7) Importer(815301076,1909f56bfc062723c751e8b465ee728b)  -> (artifact id: '7e816ba9c4a7cd6493ef796d94809352') in 0.006262 seconds 
  Import took 0.009452 seconds .

========================================================================
Received Import Request.
  Time since last request: 4.150457 seconds.
  path: Assets/UnityTechnologies/StarterAsset/Art/Ducko/Environmnent/FloorWaterRoundCorners.png
  artifactKey: Guid(8dfedb129e3108147867a7acca7b13a7) Importer(815301076,1909f56bfc062723c751e8b465ee728b)
Start importing Assets/UnityTechnologies/StarterAsset/Art/Ducko/Environmnent/FloorWaterRoundCorners.png using Guid(8dfedb129e3108147867a7acca7b13a7) Importer(815301076,1909f56bfc062723c751e8b465ee728b)  -> (artifact id: '05e6efad65ef7320cdbc10233e47b3d6') in 0.025494 seconds 
  Import took 0.028902 seconds .

AssetImportWorkerClient::OnTransportError - code=2 error=End of file
